{"/home/user/math-api/src/FigureCalculator.js": {"path":"/home/user/math-api/src/FigureCalculator.js","statementMap":{"0":{"start":{"line":3,"column":8},"end":{"line":3,"column":36}},"1":{"start":{"line":7,"column":8},"end":{"line":9,"column":9}},"2":{"start":{"line":8,"column":12},"end":{"line":8,"column":66}},"3":{"start":{"line":11,"column":32},"end":{"line":11,"column":36}},"4":{"start":{"line":13,"column":8},"end":{"line":15,"column":9}},"5":{"start":{"line":14,"column":12},"end":{"line":14,"column":69}},"6":{"start":{"line":17,"column":8},"end":{"line":17,"column":79}},"7":{"start":{"line":21,"column":8},"end":{"line":23,"column":9}},"8":{"start":{"line":22,"column":12},"end":{"line":22,"column":66}},"9":{"start":{"line":25,"column":32},"end":{"line":25,"column":36}},"10":{"start":{"line":27,"column":8},"end":{"line":29,"column":9}},"11":{"start":{"line":28,"column":12},"end":{"line":28,"column":69}},"12":{"start":{"line":31,"column":8},"end":{"line":31,"column":55}},"13":{"start":{"line":35,"column":8},"end":{"line":37,"column":9}},"14":{"start":{"line":36,"column":12},"end":{"line":36,"column":67}},"15":{"start":{"line":39,"column":37},"end":{"line":39,"column":41}},"16":{"start":{"line":41,"column":8},"end":{"line":43,"column":9}},"17":{"start":{"line":42,"column":12},"end":{"line":42,"column":69}},"18":{"start":{"line":45,"column":8},"end":{"line":45,"column":76}},"19":{"start":{"line":50,"column":8},"end":{"line":52,"column":9}},"20":{"start":{"line":51,"column":12},"end":{"line":51,"column":64}},"21":{"start":{"line":54,"column":31},"end":{"line":54,"column":35}},"22":{"start":{"line":56,"column":8},"end":{"line":58,"column":9}},"23":{"start":{"line":57,"column":12},"end":{"line":57,"column":69}},"24":{"start":{"line":60,"column":8},"end":{"line":60,"column":80}},"25":{"start":{"line":64,"column":0},"end":{"line":64,"column":34}}},"fnMap":{"0":{"name":"(anonymous_0)","decl":{"start":{"line":2,"column":4},"end":{"line":2,"column":5}},"loc":{"start":{"line":2,"column":27},"end":{"line":4,"column":5}},"line":2},"1":{"name":"(anonymous_1)","decl":{"start":{"line":6,"column":4},"end":{"line":6,"column":5}},"loc":{"start":{"line":6,"column":41},"end":{"line":18,"column":5}},"line":6},"2":{"name":"(anonymous_2)","decl":{"start":{"line":20,"column":4},"end":{"line":20,"column":5}},"loc":{"start":{"line":20,"column":36},"end":{"line":32,"column":5}},"line":20},"3":{"name":"(anonymous_3)","decl":{"start":{"line":34,"column":4},"end":{"line":34,"column":5}},"loc":{"start":{"line":34,"column":40},"end":{"line":47,"column":5}},"line":34},"4":{"name":"(anonymous_4)","decl":{"start":{"line":49,"column":4},"end":{"line":49,"column":5}},"loc":{"start":{"line":49,"column":35},"end":{"line":61,"column":5}},"line":49}},"branchMap":{"0":{"loc":{"start":{"line":7,"column":8},"end":{"line":9,"column":9}},"type":"if","locations":[{"start":{"line":7,"column":8},"end":{"line":9,"column":9}},{"start":{},"end":{}}],"line":7},"1":{"loc":{"start":{"line":13,"column":8},"end":{"line":15,"column":9}},"type":"if","locations":[{"start":{"line":13,"column":8},"end":{"line":15,"column":9}},{"start":{},"end":{}}],"line":13},"2":{"loc":{"start":{"line":13,"column":12},"end":{"line":13,"column":67}},"type":"binary-expr","locations":[{"start":{"line":13,"column":12},"end":{"line":13,"column":38}},{"start":{"line":13,"column":42},"end":{"line":13,"column":67}}],"line":13},"3":{"loc":{"start":{"line":21,"column":8},"end":{"line":23,"column":9}},"type":"if","locations":[{"start":{"line":21,"column":8},"end":{"line":23,"column":9}},{"start":{},"end":{}}],"line":21},"4":{"loc":{"start":{"line":27,"column":8},"end":{"line":29,"column":9}},"type":"if","locations":[{"start":{"line":27,"column":8},"end":{"line":29,"column":9}},{"start":{},"end":{}}],"line":27},"5":{"loc":{"start":{"line":27,"column":12},"end":{"line":27,"column":67}},"type":"binary-expr","locations":[{"start":{"line":27,"column":12},"end":{"line":27,"column":38}},{"start":{"line":27,"column":42},"end":{"line":27,"column":67}}],"line":27},"6":{"loc":{"start":{"line":35,"column":8},"end":{"line":37,"column":9}},"type":"if","locations":[{"start":{"line":35,"column":8},"end":{"line":37,"column":9}},{"start":{},"end":{}}],"line":35},"7":{"loc":{"start":{"line":41,"column":8},"end":{"line":43,"column":9}},"type":"if","locations":[{"start":{"line":41,"column":8},"end":{"line":43,"column":9}},{"start":{},"end":{}}],"line":41},"8":{"loc":{"start":{"line":41,"column":12},"end":{"line":41,"column":94}},"type":"binary-expr","locations":[{"start":{"line":41,"column":12},"end":{"line":41,"column":36}},{"start":{"line":41,"column":40},"end":{"line":41,"column":65}},{"start":{"line":41,"column":69},"end":{"line":41,"column":94}}],"line":41},"9":{"loc":{"start":{"line":50,"column":8},"end":{"line":52,"column":9}},"type":"if","locations":[{"start":{"line":50,"column":8},"end":{"line":52,"column":9}},{"start":{},"end":{}}],"line":50},"10":{"loc":{"start":{"line":56,"column":8},"end":{"line":58,"column":9}},"type":"if","locations":[{"start":{"line":56,"column":8},"end":{"line":58,"column":9}},{"start":{},"end":{}}],"line":56},"11":{"loc":{"start":{"line":56,"column":12},"end":{"line":56,"column":66}},"type":"binary-expr","locations":[{"start":{"line":56,"column":12},"end":{"line":56,"column":36}},{"start":{"line":56,"column":40},"end":{"line":56,"column":66}}],"line":56}},"s":{"0":13,"1":6,"2":2,"3":4,"4":4,"5":3,"6":1,"7":7,"8":3,"9":4,"10":4,"11":3,"12":1,"13":7,"14":3,"15":4,"16":4,"17":3,"18":1,"19":5,"20":2,"21":3,"22":3,"23":2,"24":1,"25":1},"f":{"0":13,"1":6,"2":7,"3":7,"4":5},"b":{"0":[2,4],"1":[3,1],"2":[4,1],"3":[3,4],"4":[3,1],"5":[4,1],"6":[3,4],"7":[3,1],"8":[4,1,1],"9":[2,3],"10":[2,1],"11":[3,1]},"_coverageSchema":"1a1c01bbd47fc00a2c39e90264f33305004495a9","hash":"ec7d742ba28ad4e4bd74c8c6f8b9a83495e0be57"}
,"/home/user/math-api/src/MathBasic.js": {"path":"/home/user/math-api/src/MathBasic.js","statementMap":{"0":{"start":{"line":1,"column":18},"end":{"line":55,"column":1}},"1":{"start":{"line":3,"column":8},"end":{"line":5,"column":9}},"2":{"start":{"line":4,"column":12},"end":{"line":4,"column":70}},"3":{"start":{"line":7,"column":19},"end":{"line":7,"column":23}},"4":{"start":{"line":9,"column":4},"end":{"line":11,"column":9}},"5":{"start":{"line":10,"column":8},"end":{"line":10,"column":55}},"6":{"start":{"line":13,"column":8},"end":{"line":13,"column":21}},"7":{"start":{"line":16,"column":8},"end":{"line":18,"column":9}},"8":{"start":{"line":17,"column":12},"end":{"line":17,"column":75}},"9":{"start":{"line":20,"column":23},"end":{"line":20,"column":27}},"10":{"start":{"line":22,"column":8},"end":{"line":24,"column":9}},"11":{"start":{"line":23,"column":12},"end":{"line":23,"column":59}},"12":{"start":{"line":26,"column":8},"end":{"line":26,"column":21}},"13":{"start":{"line":29,"column":8},"end":{"line":31,"column":9}},"14":{"start":{"line":30,"column":12},"end":{"line":30,"column":69}},"15":{"start":{"line":33,"column":22},"end":{"line":33,"column":26}},"16":{"start":{"line":35,"column":8},"end":{"line":37,"column":9}},"17":{"start":{"line":36,"column":12},"end":{"line":36,"column":59}},"18":{"start":{"line":39,"column":8},"end":{"line":39,"column":21}},"19":{"start":{"line":42,"column":8},"end":{"line":44,"column":9}},"20":{"start":{"line":43,"column":12},"end":{"line":43,"column":68}},"21":{"start":{"line":46,"column":22},"end":{"line":46,"column":26}},"22":{"start":{"line":48,"column":8},"end":{"line":50,"column":9}},"23":{"start":{"line":49,"column":12},"end":{"line":49,"column":59}},"24":{"start":{"line":52,"column":8},"end":{"line":52,"column":21}},"25":{"start":{"line":57,"column":0},"end":{"line":57,"column":27}}},"fnMap":{"0":{"name":"(anonymous_0)","decl":{"start":{"line":2,"column":10},"end":{"line":2,"column":11}},"loc":{"start":{"line":2,"column":23},"end":{"line":14,"column":5}},"line":2},"1":{"name":"(anonymous_1)","decl":{"start":{"line":15,"column":14},"end":{"line":15,"column":15}},"loc":{"start":{"line":15,"column":27},"end":{"line":27,"column":5}},"line":15},"2":{"name":"(anonymous_2)","decl":{"start":{"line":28,"column":14},"end":{"line":28,"column":15}},"loc":{"start":{"line":28,"column":27},"end":{"line":40,"column":5}},"line":28},"3":{"name":"(anonymous_3)","decl":{"start":{"line":41,"column":12},"end":{"line":41,"column":13}},"loc":{"start":{"line":41,"column":25},"end":{"line":53,"column":5}},"line":41}},"branchMap":{"0":{"loc":{"start":{"line":3,"column":8},"end":{"line":5,"column":9}},"type":"if","locations":[{"start":{"line":3,"column":8},"end":{"line":5,"column":9}},{"start":{},"end":{}}],"line":3},"1":{"loc":{"start":{"line":3,"column":12},"end":{"line":3,"column":46}},"type":"binary-expr","locations":[{"start":{"line":3,"column":12},"end":{"line":3,"column":27}},{"start":{"line":3,"column":31},"end":{"line":3,"column":46}}],"line":3},"2":{"loc":{"start":{"line":9,"column":4},"end":{"line":11,"column":9}},"type":"if","locations":[{"start":{"line":9,"column":4},"end":{"line":11,"column":9}},{"start":{},"end":{}}],"line":9},"3":{"loc":{"start":{"line":9,"column":8},"end":{"line":9,"column":54}},"type":"binary-expr","locations":[{"start":{"line":9,"column":8},"end":{"line":9,"column":29}},{"start":{"line":9,"column":33},"end":{"line":9,"column":54}}],"line":9},"4":{"loc":{"start":{"line":16,"column":8},"end":{"line":18,"column":9}},"type":"if","locations":[{"start":{"line":16,"column":8},"end":{"line":18,"column":9}},{"start":{},"end":{}}],"line":16},"5":{"loc":{"start":{"line":22,"column":8},"end":{"line":24,"column":9}},"type":"if","locations":[{"start":{"line":22,"column":8},"end":{"line":24,"column":9}},{"start":{},"end":{}}],"line":22},"6":{"loc":{"start":{"line":22,"column":12},"end":{"line":22,"column":58}},"type":"binary-expr","locations":[{"start":{"line":22,"column":12},"end":{"line":22,"column":33}},{"start":{"line":22,"column":37},"end":{"line":22,"column":58}}],"line":22},"7":{"loc":{"start":{"line":29,"column":8},"end":{"line":31,"column":9}},"type":"if","locations":[{"start":{"line":29,"column":8},"end":{"line":31,"column":9}},{"start":{},"end":{}}],"line":29},"8":{"loc":{"start":{"line":35,"column":8},"end":{"line":37,"column":9}},"type":"if","locations":[{"start":{"line":35,"column":8},"end":{"line":37,"column":9}},{"start":{},"end":{}}],"line":35},"9":{"loc":{"start":{"line":35,"column":12},"end":{"line":35,"column":58}},"type":"binary-expr","locations":[{"start":{"line":35,"column":12},"end":{"line":35,"column":33}},{"start":{"line":35,"column":37},"end":{"line":35,"column":58}}],"line":35},"10":{"loc":{"start":{"line":42,"column":8},"end":{"line":44,"column":9}},"type":"if","locations":[{"start":{"line":42,"column":8},"end":{"line":44,"column":9}},{"start":{},"end":{}}],"line":42},"11":{"loc":{"start":{"line":48,"column":8},"end":{"line":50,"column":9}},"type":"if","locations":[{"start":{"line":48,"column":8},"end":{"line":50,"column":9}},{"start":{},"end":{}}],"line":48},"12":{"loc":{"start":{"line":48,"column":12},"end":{"line":48,"column":58}},"type":"binary-expr","locations":[{"start":{"line":48,"column":12},"end":{"line":48,"column":33}},{"start":{"line":48,"column":37},"end":{"line":48,"column":58}}],"line":48}},"s":{"0":2,"1":11,"2":3,"3":8,"4":8,"5":2,"6":6,"7":9,"8":3,"9":6,"10":6,"11":3,"12":3,"13":12,"14":3,"15":9,"16":9,"17":3,"18":6,"19":10,"20":3,"21":7,"22":7,"23":3,"24":4,"25":2},"f":{"0":11,"1":9,"2":12,"3":10},"b":{"0":[3,8],"1":[11,9],"2":[2,6],"3":[8,6],"4":[3,6],"5":[3,3],"6":[6,3],"7":[3,9],"8":[3,6],"9":[9,6],"10":[3,7],"11":[3,4],"12":[7,4]},"_coverageSchema":"1a1c01bbd47fc00a2c39e90264f33305004495a9","hash":"70adb0a0291fb5a803aa0d5d2ec1705bc020897f"}
}
