TN:
SF:src/FigureCalculator.js
FN:2,(anonymous_0)
FN:6,(anonymous_1)
FN:20,(anonymous_2)
FN:34,(anonymous_3)
FN:49,(anonymous_4)
FNF:5
FNH:5
FNDA:13,(anonymous_0)
FNDA:6,(anonymous_1)
FNDA:7,(anonymous_2)
FNDA:7,(anonymous_3)
FNDA:5,(anonymous_4)
DA:3,13
DA:7,6
DA:8,2
DA:11,4
DA:13,4
DA:14,3
DA:17,1
DA:21,7
DA:22,3
DA:25,4
DA:27,4
DA:28,3
DA:31,1
DA:35,7
DA:36,3
DA:39,4
DA:41,4
DA:42,3
DA:45,1
DA:50,5
DA:51,2
DA:54,3
DA:56,3
DA:57,2
DA:60,1
DA:64,1
LF:26
LH:26
BRDA:7,0,0,2
BRDA:7,0,1,4
BRDA:13,1,0,3
BRDA:13,1,1,1
BRDA:13,2,0,4
BRDA:13,2,1,1
BRDA:21,3,0,3
BRDA:21,3,1,4
BRDA:27,4,0,3
BRDA:27,4,1,1
BRDA:27,5,0,4
BRDA:27,5,1,1
BRDA:35,6,0,3
BRDA:35,6,1,4
BRDA:41,7,0,3
BRDA:41,7,1,1
BRDA:41,8,0,4
BRDA:41,8,1,1
BRDA:41,8,2,1
BRDA:50,9,0,2
BRDA:50,9,1,3
BRDA:56,10,0,2
BRDA:56,10,1,1
BRDA:56,11,0,3
BRDA:56,11,1,1
BRF:25
BRH:25
end_of_record
TN:
SF:src/MathBasic.js
FN:2,(anonymous_0)
FN:15,(anonymous_1)
FN:28,(anonymous_2)
FN:41,(anonymous_3)
FNF:4
FNH:4
FNDA:11,(anonymous_0)
FNDA:9,(anonymous_1)
FNDA:12,(anonymous_2)
FNDA:10,(anonymous_3)
DA:1,2
DA:3,11
DA:4,3
DA:7,8
DA:9,8
DA:10,2
DA:13,6
DA:16,9
DA:17,3
DA:20,6
DA:22,6
DA:23,3
DA:26,3
DA:29,12
DA:30,3
DA:33,9
DA:35,9
DA:36,3
DA:39,6
DA:42,10
DA:43,3
DA:46,7
DA:48,7
DA:49,3
DA:52,4
DA:57,2
LF:26
LH:26
BRDA:3,0,0,3
BRDA:3,0,1,8
BRDA:3,1,0,11
BRDA:3,1,1,9
BRDA:9,2,0,2
BRDA:9,2,1,6
BRDA:9,3,0,8
BRDA:9,3,1,6
BRDA:16,4,0,3
BRDA:16,4,1,6
BRDA:22,5,0,3
BRDA:22,5,1,3
BRDA:22,6,0,6
BRDA:22,6,1,3
BRDA:29,7,0,3
BRDA:29,7,1,9
BRDA:35,8,0,3
BRDA:35,8,1,6
BRDA:35,9,0,9
BRDA:35,9,1,6
BRDA:42,10,0,3
BRDA:42,10,1,7
BRDA:48,11,0,3
BRDA:48,11,1,4
BRDA:48,12,0,7
BRDA:48,12,1,4
BRF:26
BRH:26
end_of_record
